#
# There is insufficient memory for the Java Runtime Environment to continue.
# Native memory allocation (malloc) failed to allocate 1646096 bytes for Chunk::new
# Possible reasons:
#   The system is out of physical RAM or swap space
#   The process is running with CompressedOops enabled, and the Java Heap may be blocking the growth of the native heap
# Possible solutions:
#   Reduce memory load on the system
#   Increase physical memory or swap space
#   Check if swap backing store is full
#   Decrease Java heap size (-Xmx/-Xms)
#   Decrease number of Java threads
#   Decrease Java thread stack sizes (-Xss)
#   Set larger code cache with -XX:ReservedCodeCacheSize=
#   JVM is running with Unscaled Compressed Oops mode in which the Java heap is
#     placed in the first 4GB address space. The Java Heap base address is the
#     maximum limit for the native heap growth. Please use -XX:HeapBaseMinAddress
#     to set the Java Heap base and to place the Java Heap above 4GB virtual address.
# This output file may be truncated or incomplete.
#
#  Out of Memory Error (arena.cpp:189), pid=14448, tid=15488
#
# JRE version: OpenJDK Runtime Environment Temurin-17.0.7+7 (17.0.7+7) (build 17.0.7+7)
# Java VM: OpenJDK 64-Bit Server VM Temurin-17.0.7+7 (17.0.7+7, mixed mode, tiered, compressed oops, compressed class ptrs, g1 gc, windows-amd64)
# No core dump will be written. Minidumps are not enabled by default on client versions of Windows
#

---------------  S U M M A R Y ------------

Command Line: -Dfile.encoding=UTF-8 -XX:+ShowCodeDetailsInExceptionMessages test.Campaign

Host: Intel(R) Core(TM) i5-4200M CPU @ 2.50GHz, 4 cores, 7G,  Windows 10 , 64 bit Build 19041 (10.0.19041.4597)
Time: Tue Aug  6 18:59:44 2024 Pakistan Standard Time elapsed time: 8.355427 seconds (0d 0h 0m 8s)

---------------  T H R E A D  ---------------

Current thread (0x0000029308030940):  JavaThread "C2 CompilerThread0" daemon [_thread_in_native, id=15488, stack(0x000000d3ba300000,0x000000d3ba400000)]


Current CompileTask:
C2:   8355 1738   !   4       jdk.internal.loader.URLClassPath$JarLoader::getResource (354 bytes)

Stack: [0x000000d3ba300000,0x000000d3ba400000]
Native frames: (J=compiled Java code, j=interpreted, Vv=VM code, C=native code)
V  [jvm.dll+0x67754a]
V  [jvm.dll+0x834304]
V  [jvm.dll+0x835aae]
V  [jvm.dll+0x836113]
V  [jvm.dll+0x24696f]
V  [jvm.dll+0xac0ac]
V  [jvm.dll+0xac67c]
V  [jvm.dll+0x364de2]
V  [jvm.dll+0x32f6b1]
V  [jvm.dll+0x32eb5a]
V  [jvm.dll+0x219641]
V  [jvm.dll+0x218a61]
V  [jvm.dll+0x1a4d8d]
V  [jvm.dll+0x2284da]
V  [jvm.dll+0x226615]
V  [jvm.dll+0x7ea90b]
V  [jvm.dll+0x7e4e7a]
V  [jvm.dll+0x676395]
C  [ucrtbase.dll+0x21bb2]
C  [KERNEL32.DLL+0x17374]
C  [ntdll.dll+0x4cc91]


---------------  P R O C E S S  ---------------

Threads class SMR info:
_java_thread_list=0x0000029309692710, length=23, elements={
0x00000293681bdb40, 0x000002937faac3d0, 0x000002937faad380, 0x000002937fa95550,
0x000002937fa99230, 0x000002937fa99af0, 0x000002937fa9a3b0, 0x0000029308030940,
0x0000029308031330, 0x000002930803c500, 0x00000293081b1d40, 0x00000293081d1010,
0x00000293090a2da0, 0x0000029308cd07a0, 0x000002930944dc50, 0x00000293091b1c50,
0x00000293092e8630, 0x00000293092e8b00, 0x000002930918ef90, 0x000002930940f160,
0x000002930940de20, 0x000002930940e7c0, 0x000002930940ffd0
}

Java Threads: ( => current thread )
  0x00000293681bdb40 JavaThread "Forwarding findElement on session 93592ce8d51d35c4a01403371181174b to remote" [_thread_blocked, id=11412, stack(0x000000d3b9600000,0x000000d3b9700000)]
  0x000002937faac3d0 JavaThread "Reference Handler" daemon [_thread_blocked, id=12336, stack(0x000000d3b9d00000,0x000000d3b9e00000)]
  0x000002937faad380 JavaThread "Finalizer" daemon [_thread_blocked, id=4976, stack(0x000000d3b9e00000,0x000000d3b9f00000)]
  0x000002937fa95550 JavaThread "Signal Dispatcher" daemon [_thread_blocked, id=8580, stack(0x000000d3b9f00000,0x000000d3ba000000)]
  0x000002937fa99230 JavaThread "Attach Listener" daemon [_thread_blocked, id=4392, stack(0x000000d3ba000000,0x000000d3ba100000)]
  0x000002937fa99af0 JavaThread "Service Thread" daemon [_thread_blocked, id=10692, stack(0x000000d3ba100000,0x000000d3ba200000)]
  0x000002937fa9a3b0 JavaThread "Monitor Deflation Thread" daemon [_thread_blocked, id=3216, stack(0x000000d3ba200000,0x000000d3ba300000)]
=>0x0000029308030940 JavaThread "C2 CompilerThread0" daemon [_thread_in_native, id=15488, stack(0x000000d3ba300000,0x000000d3ba400000)]
  0x0000029308031330 JavaThread "C1 CompilerThread0" daemon [_thread_blocked, id=9104, stack(0x000000d3ba400000,0x000000d3ba500000)]
  0x000002930803c500 JavaThread "Sweeper thread" daemon [_thread_blocked, id=9284, stack(0x000000d3ba500000,0x000000d3ba600000)]
  0x00000293081b1d40 JavaThread "Notification Thread" daemon [_thread_blocked, id=16020, stack(0x000000d3ba600000,0x000000d3ba700000)]
  0x00000293081d1010 JavaThread "Common-Cleaner" daemon [_thread_blocked, id=10292, stack(0x000000d3ba800000,0x000000d3ba900000)]
  0x00000293090a2da0 JavaThread "ForkJoinPool.commonPool-worker-1" daemon [_thread_blocked, id=12480, stack(0x000000d3bac00000,0x000000d3bad00000)]
  0x0000029308cd07a0 JavaThread "AsyncHttpClient-1-1" daemon [_thread_blocked, id=15084, stack(0x000000d3bae00000,0x000000d3baf00000)]
  0x000002930944dc50 JavaThread "Exec Default Executor" daemon [_thread_in_native, id=4064, stack(0x000000d3bad00000,0x000000d3bae00000)]
  0x00000293091b1c50 JavaThread "Exec Stream Pumper" daemon [_thread_in_native, id=16292, stack(0x000000d3baf00000,0x000000d3bb000000)]
  0x00000293092e8630 JavaThread "Exec Stream Pumper" daemon [_thread_in_native, id=12704, stack(0x000000d3bb000000,0x000000d3bb100000)]
  0x00000293092e8b00 JavaThread "Driver Service Executor" daemon [_thread_blocked, id=15812, stack(0x000000d3bb100000,0x000000d3bb200000)]
  0x000002930918ef90 JavaThread "Driver Service Executor" daemon [_thread_blocked, id=9036, stack(0x000000d3bb200000,0x000000d3bb300000)]
  0x000002930940f160 JavaThread "UrlChecker-2" daemon [_thread_blocked, id=13360, stack(0x000000d3bb300000,0x000000d3bb400000)]
  0x000002930940de20 JavaThread "AsyncHttpClient-1-2" daemon [_thread_in_native, id=5896, stack(0x000000d3bb600000,0x000000d3bb700000)]
  0x000002930940e7c0 JavaThread "AsyncHttpClient-1-3" daemon [_thread_in_native, id=10076, stack(0x000000d3bb500000,0x000000d3bb600000)]
  0x000002930940ffd0 JavaThread "AsyncHttpClient-1-4" daemon [_thread_in_native, id=6584, stack(0x000000d3bb700000,0x000000d3bb800000)]

Other Threads:
  0x000002937fa719b0 VMThread "VM Thread" [stack: 0x000000d3b9c00000,0x000000d3b9d00000] [id=12400]
  0x000002936a378d30 WatcherThread [stack: 0x000000d3ba700000,0x000000d3ba800000] [id=11372]
  0x000002936a35c9d0 GCTaskThread "GC Thread#0" [stack: 0x000000d3b9700000,0x000000d3b9800000] [id=10644]
  0x0000029309057790 GCTaskThread "GC Thread#1" [stack: 0x000000d3ba900000,0x000000d3baa00000] [id=1132]
  0x0000029309057a40 GCTaskThread "GC Thread#2" [stack: 0x000000d3baa00000,0x000000d3bab00000] [id=7312]
  0x0000029308cd3950 GCTaskThread "GC Thread#3" [stack: 0x000000d3bab00000,0x000000d3bac00000] [id=11212]
  0x000002936a36def0 ConcurrentGCThread "G1 Main Marker" [stack: 0x000000d3b9800000,0x000000d3b9900000] [id=8544]
  0x000002936a36e900 ConcurrentGCThread "G1 Conc#0" [stack: 0x000000d3b9900000,0x000000d3b9a00000] [id=9160]
  0x000002937f8e20c0 ConcurrentGCThread "G1 Refine#0" [stack: 0x000000d3b9a00000,0x000000d3b9b00000] [id=14608]
  0x000002937f8e2ae0 ConcurrentGCThread "G1 Service" [stack: 0x000000d3b9b00000,0x000000d3b9c00000] [id=13292]

Threads with active compile tasks:
C2 CompilerThread0    10845 1738   !   4       jdk.internal.loader.URLClassPath$JarLoader::getResource (354 bytes)

VM state: not at safepoint (normal execution)

VM Mutex/Monitor currently owned by a thread: None

Heap address: 0x0000000080e00000, size: 2034 MB, Compressed Oops mode: 32-bit

CDS archive(s) not mapped
Compressed class space mapped at: 0x0000000100000000-0x0000000140000000, reserved size: 1073741824
Narrow klass base: 0x0000000000000000, Narrow klass shift: 3, Narrow klass range: 0x140000000

GC Precious Log:
 CPUs: 4 total, 4 available
 Memory: 8128M
 Large Page Support: Disabled
 NUMA Support: Disabled
 Compressed Oops: Enabled (32-bit)
 Heap Region Size: 1M
 Heap Min Capacity: 8M
 Heap Initial Capacity: 128M
 Heap Max Capacity: 2034M
 Pre-touch: Disabled
 Parallel Workers: 4
 Concurrent Workers: 1
 Concurrent Refinement Workers: 4
 Periodic GC: Disabled

Heap:
 garbage-first heap   total 34816K, used 21331K [0x0000000080e00000, 0x0000000100000000)
  region size 1024K, 8 young (8192K), 1 survivors (1024K)
 Metaspace       used 25903K, committed 26176K, reserved 1114112K
  class space    used 2901K, committed 3008K, reserved 1048576K

Heap Regions: E=young(eden), S=young(survivor), O=old, HS=humongous(starts), HC=humongous(continues), CS=collection set, F=free, OA=open archive, CA=closed archive, TAMS=top-at-mark-start (previous, next)
|   0|0x0000000080e00000, 0x0000000080f00000, 0x0000000080f00000|100%| O|  |TAMS 0x0000000080f00000, 0x0000000080e00000| Untracked 
|   1|0x0000000080f00000, 0x0000000081000000, 0x0000000081000000|100%| O|  |TAMS 0x0000000081000000, 0x0000000080f00000| Untracked 
|   2|0x0000000081000000, 0x0000000081100000, 0x0000000081100000|100%| O|  |TAMS 0x0000000081100000, 0x0000000081000000| Untracked 
|   3|0x0000000081100000, 0x0000000081200000, 0x0000000081200000|100%| O|  |TAMS 0x0000000081200000, 0x0000000081100000| Untracked 
|   4|0x0000000081200000, 0x0000000081300000, 0x0000000081300000|100%| O|  |TAMS 0x0000000081300000, 0x0000000081200000| Untracked 
|   5|0x0000000081300000, 0x00000000813e6200, 0x0000000081400000| 89%| O|  |TAMS 0x000000008136bc00, 0x0000000081300000| Untracked 
|   6|0x0000000081400000, 0x0000000081500000, 0x0000000081500000|100%|HS|  |TAMS 0x0000000081400000, 0x0000000081400000| Complete 
|   7|0x0000000081500000, 0x0000000081600000, 0x0000000081600000|100%|HC|  |TAMS 0x0000000081500000, 0x0000000081500000| Complete 
|   8|0x0000000081600000, 0x0000000081700000, 0x0000000081700000|100%|HC|  |TAMS 0x0000000081600000, 0x0000000081600000| Complete 
|   9|0x0000000081700000, 0x0000000081800000, 0x0000000081800000|100%|HC|  |TAMS 0x0000000081700000, 0x0000000081700000| Complete 
|  10|0x0000000081800000, 0x0000000081900000, 0x0000000081900000|100%|HC|  |TAMS 0x0000000081800000, 0x0000000081800000| Complete 
|  11|0x0000000081900000, 0x0000000081a00000, 0x0000000081a00000|100%| O|  |TAMS 0x0000000081900000, 0x0000000081900000| Untracked 
|  12|0x0000000081a00000, 0x0000000081b00000, 0x0000000081b00000|100%| O|  |TAMS 0x0000000081a00000, 0x0000000081a00000| Untracked 
|  13|0x0000000081b00000, 0x0000000081bf2600, 0x0000000081c00000| 94%| O|  |TAMS 0x0000000081b00000, 0x0000000081b00000| Untracked 
|  14|0x0000000081c00000, 0x0000000081c00000, 0x0000000081d00000|  0%| F|  |TAMS 0x0000000081c00000, 0x0000000081c00000| Untracked 
|  15|0x0000000081d00000, 0x0000000081d00000, 0x0000000081e00000|  0%| F|  |TAMS 0x0000000081d00000, 0x0000000081d00000| Untracked 
|  16|0x0000000081e00000, 0x0000000081e00000, 0x0000000081f00000|  0%| F|  |TAMS 0x0000000081e00000, 0x0000000081e00000| Untracked 
|  17|0x0000000081f00000, 0x0000000081f00000, 0x0000000082000000|  0%| F|  |TAMS 0x0000000081f00000, 0x0000000081f00000| Untracked 
|  18|0x0000000082000000, 0x00000000820fc540, 0x0000000082100000| 98%| S|CS|TAMS 0x0000000082000000, 0x0000000082000000| Complete 
|  19|0x0000000082100000, 0x0000000082100000, 0x0000000082200000|  0%| F|  |TAMS 0x0000000082100000, 0x0000000082100000| Untracked 
|  20|0x0000000082200000, 0x0000000082200000, 0x0000000082300000|  0%| F|  |TAMS 0x0000000082200000, 0x0000000082200000| Untracked 
|  21|0x0000000082300000, 0x0000000082300000, 0x0000000082400000|  0%| F|  |TAMS 0x0000000082300000, 0x0000000082300000| Untracked 
|  22|0x0000000082400000, 0x0000000082400000, 0x0000000082500000|  0%| F|  |TAMS 0x0000000082400000, 0x0000000082400000| Untracked 
|  23|0x0000000082500000, 0x0000000082500000, 0x0000000082600000|  0%| F|  |TAMS 0x0000000082500000, 0x0000000082500000| Untracked 
|  24|0x0000000082600000, 0x0000000082600000, 0x0000000082700000|  0%| F|  |TAMS 0x0000000082600000, 0x0000000082600000| Untracked 
|  25|0x0000000082700000, 0x0000000082700000, 0x0000000082800000|  0%| F|  |TAMS 0x0000000082700000, 0x0000000082700000| Untracked 
|  26|0x0000000082800000, 0x0000000082800000, 0x0000000082900000|  0%| F|  |TAMS 0x0000000082800000, 0x0000000082800000| Untracked 
|  27|0x0000000082900000, 0x0000000082958dd0, 0x0000000082a00000| 34%| E|  |TAMS 0x0000000082900000, 0x0000000082900000| Complete 
|  28|0x0000000082a00000, 0x0000000082b00000, 0x0000000082b00000|100%| E|CS|TAMS 0x0000000082a00000, 0x0000000082a00000| Complete 
|  29|0x0000000082b00000, 0x0000000082c00000, 0x0000000082c00000|100%| E|CS|TAMS 0x0000000082b00000, 0x0000000082b00000| Complete 
| 106|0x0000000087800000, 0x0000000087900000, 0x0000000087900000|100%| E|CS|TAMS 0x0000000087800000, 0x0000000087800000| Complete 
| 107|0x0000000087900000, 0x0000000087a00000, 0x0000000087a00000|100%| E|CS|TAMS 0x0000000087900000, 0x0000000087900000| Complete 
| 108|0x0000000087a00000, 0x0000000087b00000, 0x0000000087b00000|100%| E|CS|TAMS 0x0000000087a00000, 0x0000000087a00000| Complete 
| 127|0x0000000088d00000, 0x0000000088e00000, 0x0000000088e00000|100%| E|CS|TAMS 0x0000000088d00000, 0x0000000088d00000| Complete 

Card table byte_map: [0x000002937cdb0000,0x000002937d1b0000] _byte_map_base: 0x000002937c9a9000

Marking Bits (Prev, Next): (CMBitMap*) 0x000002936a35d020, (CMBitMap*) 0x000002936a35cfe0
 Prev Bits: [0x0000029300000000, 0x0000029301fc8000)
 Next Bits: [0x000002937d5b0000, 0x000002937f578000)

Polling page: 0x00000293682e0000

Metaspace:

Usage:
  Non-class:     22.46 MB used.
      Class:      2.83 MB used.
       Both:     25.30 MB used.

Virtual space:
  Non-class space:       64.00 MB reserved,      22.62 MB ( 35%) committed,  1 nodes.
      Class space:        1.00 GB reserved,       2.94 MB ( <1%) committed,  1 nodes.
             Both:        1.06 GB reserved,      25.56 MB (  2%) committed. 

Chunk freelists:
   Non-Class:  8.86 MB
       Class:  12.94 MB
        Both:  21.80 MB

MaxMetaspaceSize: unlimited
CompressedClassSpaceSize: 1.00 GB
Initial GC threshold: 21.00 MB
Current GC threshold: 35.25 MB
CDS: off
MetaspaceReclaimPolicy: balanced
 - commit_granule_bytes: 65536.
 - commit_granule_words: 8192.
 - virtual_space_node_default_size: 8388608.
 - enlarge_chunks_in_place: 1.
 - new_chunks_are_fully_committed: 0.
 - uncommit_free_chunks: 1.
 - use_allocation_guard: 0.
 - handle_deallocations: 1.


Internal statistics:

num_allocs_failed_limit: 3.
num_arena_births: 120.
num_arena_deaths: 0.
num_vsnodes_births: 2.
num_vsnodes_deaths: 0.
num_space_committed: 409.
num_space_uncommitted: 0.
num_chunks_returned_to_freelist: 3.
num_chunks_taken_from_freelist: 555.
num_chunk_merges: 0.
num_chunk_splits: 374.
num_chunks_enlarged: 302.
num_inconsistent_stats: 0.

CodeHeap 'non-profiled nmethods': size=120000Kb used=669Kb max_used=669Kb free=119330Kb
 bounds [0x0000029375480000, 0x00000293756f0000, 0x000002937c9b0000]
CodeHeap 'profiled nmethods': size=120000Kb used=3373Kb max_used=3373Kb free=116626Kb
 bounds [0x000002936d9b0000, 0x000002936dd00000, 0x0000029374ee0000]
CodeHeap 'non-nmethods': size=5760Kb used=1250Kb max_used=1264Kb free=4509Kb
 bounds [0x0000029374ee0000, 0x0000029375150000, 0x0000029375480000]
 total_blobs=2383 nmethods=1822 adapters=474
 compilation: enabled
              stopped_count=0, restarted_count=0
 full_count=0

Compilation events (20 events):
Event: 7.991 Thread 0x0000029308031330 1787       3       io.netty.buffer.AbstractReferenceCountedByteBuf::access$100 (4 bytes)
Event: 7.991 Thread 0x0000029308031330 nmethod 1787 0x000002936dceca90 code [0x000002936dcecc20, 0x000002936dcecd18]
Event: 7.991 Thread 0x0000029308031330 1788       1       io.netty.util.AsciiString::arrayOffset (5 bytes)
Event: 7.991 Thread 0x0000029308031330 nmethod 1788 0x0000029375525f90 code [0x0000029375526120, 0x00000293755261f8]
Event: 7.991 Thread 0x0000029308031330 1789       3       io.netty.util.internal.PlatformDependent::getInt (6 bytes)
Event: 7.992 Thread 0x0000029308031330 nmethod 1789 0x000002936dcecd90 code [0x000002936dcecf40, 0x000002936dced158]
Event: 7.992 Thread 0x0000029308031330 1790       3       io.netty.util.internal.PlatformDependent0::getInt (9 bytes)
Event: 7.992 Thread 0x0000029308031330 nmethod 1790 0x000002936dced290 code [0x000002936dced420, 0x000002936dced5d8]
Event: 7.992 Thread 0x0000029308031330 1791       3       io.netty.util.AsciiString::b2c (7 bytes)
Event: 7.992 Thread 0x0000029308031330 nmethod 1791 0x000002936dced690 code [0x000002936dced820, 0x000002936dced918]
Event: 7.992 Thread 0x0000029308031330 1792       3       io.netty.util.AsciiString::equalsIgnoreCase (22 bytes)
Event: 7.992 Thread 0x0000029308031330 nmethod 1792 0x000002936dced990 code [0x000002936dcedb60, 0x000002936dcee038]
Event: 7.993 Thread 0x0000029308031330 1793       3       org.openqa.selenium.json.JsonTypeCoercer$$Lambda$209/0x000000010023faa0::test (12 bytes)
Event: 7.994 Thread 0x0000029308031330 nmethod 1793 0x000002936dcee190 code [0x000002936dcee360, 0x000002936dcee6b8]
Event: 7.994 Thread 0x0000029308031330 1795       3       org.openqa.selenium.json.StaticInitializerCoercer$$Lambda$216/0x000000010023c800::test (8 bytes)
Event: 7.995 Thread 0x0000029308031330 nmethod 1795 0x000002936dcee810 code [0x000002936dcee9c0, 0x000002936dceecf8]
Event: 7.995 Thread 0x0000029308031330 1794       3       org.openqa.selenium.json.JsonTypeCoercer::lambda$buildCoercer$4 (9 bytes)
Event: 7.995 Thread 0x0000029308031330 nmethod 1794 0x000002936dceee10 code [0x000002936dceefc0, 0x000002936dcef198]
Event: 7.998 Thread 0x0000029308031330 1796       3       java.util.Collections$UnmodifiableCollection::contains (11 bytes)
Event: 7.999 Thread 0x0000029308031330 nmethod 1796 0x000002936dcef290 code [0x000002936dcef440, 0x000002936dcef608]

GC Heap History (8 events):
Event: 0.980 GC heap before
{Heap before GC invocations=0 (full 0):
 garbage-first heap   total 131072K, used 12288K [0x0000000080e00000, 0x0000000100000000)
  region size 1024K, 13 young (13312K), 0 survivors (0K)
 Metaspace       used 10679K, committed 10816K, reserved 1114112K
  class space    used 999K, committed 1088K, reserved 1048576K
}
Event: 0.985 GC heap after
{Heap after GC invocations=1 (full 0):
 garbage-first heap   total 131072K, used 5231K [0x0000000080e00000, 0x0000000100000000)
  region size 1024K, 2 young (2048K), 2 survivors (2048K)
 Metaspace       used 10679K, committed 10816K, reserved 1114112K
  class space    used 999K, committed 1088K, reserved 1048576K
}
Event: 1.359 GC heap before
{Heap before GC invocations=1 (full 0):
 garbage-first heap   total 131072K, used 15471K [0x0000000080e00000, 0x0000000100000000)
  region size 1024K, 12 young (12288K), 2 survivors (2048K)
 Metaspace       used 15249K, committed 15424K, reserved 1114112K
  class space    used 1550K, committed 1600K, reserved 1048576K
}
Event: 1.364 GC heap after
{Heap after GC invocations=2 (full 0):
 garbage-first heap   total 131072K, used 7050K [0x0000000080e00000, 0x0000000100000000)
  region size 1024K, 2 young (2048K), 2 survivors (2048K)
 Metaspace       used 15249K, committed 15424K, reserved 1114112K
  class space    used 1550K, committed 1600K, reserved 1048576K
}
Event: 2.001 GC heap before
{Heap before GC invocations=2 (full 0):
 garbage-first heap   total 131072K, used 23434K [0x0000000080e00000, 0x0000000100000000)
  region size 1024K, 19 young (19456K), 2 survivors (2048K)
 Metaspace       used 21337K, committed 21504K, reserved 1114112K
  class space    used 2248K, committed 2304K, reserved 1048576K
}
Event: 2.007 GC heap after
{Heap after GC invocations=3 (full 0):
 garbage-first heap   total 131072K, used 9112K [0x0000000080e00000, 0x0000000100000000)
  region size 1024K, 3 young (3072K), 3 survivors (3072K)
 Metaspace       used 21337K, committed 21504K, reserved 1114112K
  class space    used 2248K, committed 2304K, reserved 1048576K
}
Event: 7.269 GC heap before
{Heap before GC invocations=4 (full 0):
 garbage-first heap   total 34816K, used 25496K [0x0000000080e00000, 0x0000000100000000)
  region size 1024K, 15 young (15360K), 3 survivors (3072K)
 Metaspace       used 24365K, committed 24512K, reserved 1114112K
  class space    used 2690K, committed 2752K, reserved 1048576K
}
Event: 7.282 GC heap after
{Heap after GC invocations=5 (full 0):
 garbage-first heap   total 34816K, used 15187K [0x0000000080e00000, 0x0000000100000000)
  region size 1024K, 1 young (1024K), 1 survivors (1024K)
 Metaspace       used 24365K, committed 24512K, reserved 1114112K
  class space    used 2690K, committed 2752K, reserved 1048576K
}

Dll operation events (9 events):
Event: 0.006 Loaded shared library C:\Users\Asad\.p2\pool\plugins\org.eclipse.justj.openjdk.hotspot.jre.full.win32.x86_64_17.0.7.v20230425-1502\jre\bin\java.dll
Event: 0.351 Loaded shared library C:\Users\Asad\.p2\pool\plugins\org.eclipse.justj.openjdk.hotspot.jre.full.win32.x86_64_17.0.7.v20230425-1502\jre\bin\net.dll
Event: 0.354 Loaded shared library C:\Users\Asad\.p2\pool\plugins\org.eclipse.justj.openjdk.hotspot.jre.full.win32.x86_64_17.0.7.v20230425-1502\jre\bin\nio.dll
Event: 0.363 Loaded shared library C:\Users\Asad\.p2\pool\plugins\org.eclipse.justj.openjdk.hotspot.jre.full.win32.x86_64_17.0.7.v20230425-1502\jre\bin\zip.dll
Event: 0.546 Loaded shared library C:\Users\Asad\.p2\pool\plugins\org.eclipse.justj.openjdk.hotspot.jre.full.win32.x86_64_17.0.7.v20230425-1502\jre\bin\jimage.dll
Event: 1.133 Loaded shared library C:\Users\Asad\.p2\pool\plugins\org.eclipse.justj.openjdk.hotspot.jre.full.win32.x86_64_17.0.7.v20230425-1502\jre\bin\management.dll
Event: 1.139 Loaded shared library C:\Users\Asad\.p2\pool\plugins\org.eclipse.justj.openjdk.hotspot.jre.full.win32.x86_64_17.0.7.v20230425-1502\jre\bin\management_ext.dll
Event: 1.256 Loaded shared library C:\Users\Asad\.p2\pool\plugins\org.eclipse.justj.openjdk.hotspot.jre.full.win32.x86_64_17.0.7.v20230425-1502\jre\bin\sunmscapi.dll
Event: 1.841 Loaded shared library C:\Users\Asad\.p2\pool\plugins\org.eclipse.justj.openjdk.hotspot.jre.full.win32.x86_64_17.0.7.v20230425-1502\jre\bin\verify.dll

Deoptimization events (20 events):
Event: 2.253 Thread 0x000002930940de20 DEOPT PACKING pc=0x00000293754d6cd4 sp=0x000000d3bb6fd7f0
Event: 2.253 Thread 0x000002930940de20 DEOPT UNPACKING pc=0x0000029374f369a3 sp=0x000000d3bb6fd780 mode 2
Event: 7.190 Thread 0x000002930940de20 DEOPT PACKING pc=0x000002936db63771 sp=0x000000d3bb6fd210
Event: 7.190 Thread 0x000002930940de20 DEOPT UNPACKING pc=0x0000029374f37143 sp=0x000000d3bb6fc720 mode 0
Event: 7.366 Thread 0x00000293681bdb40 Uncommon trap: trap_request=0xffffffde fr.pc=0x00000293754d7e04 relative=0x0000000000000784
Event: 7.366 Thread 0x00000293681bdb40 Uncommon trap: reason=class_check action=maybe_recompile pc=0x00000293754d7e04 method=java.util.HashMap.putVal(ILjava/lang/Object;Ljava/lang/Object;ZZ)Ljava/lang/Object; @ 253 c2
Event: 7.366 Thread 0x00000293681bdb40 DEOPT PACKING pc=0x00000293754d7e04 sp=0x000000d3b96fe110
Event: 7.366 Thread 0x00000293681bdb40 DEOPT UNPACKING pc=0x0000029374f369a3 sp=0x000000d3b96fe048 mode 2
Event: 7.388 Thread 0x00000293681bdb40 Uncommon trap: trap_request=0xffffff45 fr.pc=0x00000293754dcde4 relative=0x0000000000001044
Event: 7.388 Thread 0x00000293681bdb40 Uncommon trap: reason=unstable_if action=reinterpret pc=0x00000293754dcde4 method=java.util.concurrent.ConcurrentHashMap.putVal(Ljava/lang/Object;Ljava/lang/Object;Z)Ljava/lang/Object; @ 231 c2
Event: 7.388 Thread 0x00000293681bdb40 DEOPT PACKING pc=0x00000293754dcde4 sp=0x000000d3b96fe860
Event: 7.388 Thread 0x00000293681bdb40 DEOPT UNPACKING pc=0x0000029374f369a3 sp=0x000000d3b96fe7d0 mode 2
Event: 7.432 Thread 0x00000293681bdb40 Uncommon trap: trap_request=0xffffffc6 fr.pc=0x00000293754d66f0 relative=0x0000000000000430
Event: 7.432 Thread 0x00000293681bdb40 Uncommon trap: reason=bimorphic_or_optimized_type_check action=maybe_recompile pc=0x00000293754d66f0 method=java.util.HashMap.getNode(Ljava/lang/Object;)Ljava/util/HashMap$Node; @ 128 c2
Event: 7.432 Thread 0x00000293681bdb40 DEOPT PACKING pc=0x00000293754d66f0 sp=0x000000d3b96fd280
Event: 7.432 Thread 0x00000293681bdb40 DEOPT UNPACKING pc=0x0000029374f369a3 sp=0x000000d3b96fd198 mode 2
Event: 7.432 Thread 0x00000293681bdb40 Uncommon trap: trap_request=0xffffffc6 fr.pc=0x00000293754d5cf0 relative=0x0000000000000430
Event: 7.432 Thread 0x00000293681bdb40 Uncommon trap: reason=bimorphic_or_optimized_type_check action=maybe_recompile pc=0x00000293754d5cf0 method=java.util.HashMap.getNode(Ljava/lang/Object;)Ljava/util/HashMap$Node; @ 128 c2
Event: 7.432 Thread 0x00000293681bdb40 DEOPT PACKING pc=0x00000293754d5cf0 sp=0x000000d3b96fd410
Event: 7.432 Thread 0x00000293681bdb40 DEOPT UNPACKING pc=0x0000029374f369a3 sp=0x000000d3b96fd398 mode 2

Classes unloaded (0 events):
No events

Classes redefined (0 events):
No events

Internal exceptions (20 events):
Event: 1.832 Thread 0x00000293681bdb40 Exception <a 'java/lang/NoSuchMethodError'{0x0000000087e5e428}: 'int java.lang.invoke.DirectMethodHandle$Holder.invokeSpecialIFC(java.lang.Object, java.lang.Object, java.lang.Object, java.lang.Object)'> (0x0000000087e5e428) 
thrown [s\src\hotspot\share\interpreter\linkResolver.cpp, line 759]
Event: 1.856 Thread 0x000002930944dc50 Exception <a 'java/lang/NoSuchMethodError'{0x0000000087d79330}: 'void java.lang.invoke.DirectMethodHandle$Holder.invokeStatic(java.lang.Object, long)'> (0x0000000087d79330) 
thrown [s\src\hotspot\share\interpreter\linkResolver.cpp, line 759]
Event: 1.856 Thread 0x000002930944dc50 Exception <a 'java/lang/NoSuchMethodError'{0x0000000087d7e6d8}: 'java.lang.Object java.lang.invoke.DirectMethodHandle$Holder.newInvokeSpecial(java.lang.Object, long)'> (0x0000000087d7e6d8) 
thrown [s\src\hotspot\share\interpreter\linkResolver.cpp, line 759]
Event: 1.859 Thread 0x000002930944dc50 Exception <a 'java/lang/NoSuchMethodError'{0x0000000087d88850}: 'java.lang.Object java.lang.invoke.DirectMethodHandle$Holder.invokeStaticInit(java.lang.Object, java.lang.Object, long, java.lang.Object)'> (0x0000000087d88850) 
thrown [s\src\hotspot\share\interpreter\linkResolver.cpp, line 759]
Event: 1.860 Thread 0x000002930944dc50 Exception <a 'java/lang/NoSuchMethodError'{0x0000000087d8eb20}: 'java.lang.Object java.lang.invoke.DirectMethodHandle$Holder.newInvokeSpecial(java.lang.Object, java.lang.Object, long)'> (0x0000000087d8eb20) 
thrown [s\src\hotspot\share\interpreter\linkResolver.cpp, line 759]
Event: 1.860 Thread 0x000002930944dc50 Exception <a 'java/lang/NoSuchMethodError'{0x0000000087d92690}: 'java.lang.Object java.lang.invoke.Invokers$Holder.linkToTargetMethod(java.lang.Object, long, java.lang.Object)'> (0x0000000087d92690) 
thrown [s\src\hotspot\share\interpreter\linkResolver.cpp, line 759]
Event: 1.922 Thread 0x000002930940f160 Exception <a 'java/net/ConnectException'{0x0000000087c2c968}: Connection refused: no further information> (0x0000000087c2c968) 
thrown [s\src\hotspot\share\prims\jni.cpp, line 535]
Event: 1.922 Thread 0x000002930940f160 Exception <a 'java/net/SocketException'{0x0000000087c2cca0}: Socket is not connected: shutdown> (0x0000000087c2cca0) 
thrown [s\src\hotspot\share\prims\jni.cpp, line 535]
Event: 1.958 Thread 0x00000293681bdb40 Exception <a 'java/lang/NoSuchMethodError'{0x0000000087c5f520}: 'int java.lang.invoke.DirectMethodHandle$Holder.invokeVirtual(java.lang.Object, java.lang.Object)'> (0x0000000087c5f520) 
thrown [s\src\hotspot\share\interpreter\linkResolver.cpp, line 759]
Event: 1.960 Thread 0x00000293681bdb40 Exception <a 'java/lang/NoSuchMethodError'{0x0000000087c65a08}: 'double java.lang.invoke.DirectMethodHandle$Holder.invokeVirtual(java.lang.Object, java.lang.Object)'> (0x0000000087c65a08) 
thrown [s\src\hotspot\share\interpreter\linkResolver.cpp, line 759]
Event: 1.961 Thread 0x00000293681bdb40 Exception <a 'java/lang/NoSuchMethodError'{0x0000000087c6c1b0}: 'float java.lang.invoke.DirectMethodHandle$Holder.invokeVirtual(java.lang.Object, java.lang.Object)'> (0x0000000087c6c1b0) 
thrown [s\src\hotspot\share\interpreter\linkResolver.cpp, line 759]
Event: 1.963 Thread 0x00000293681bdb40 Exception <a 'java/lang/NoSuchMethodError'{0x0000000087c751c8}: 'long java.lang.invoke.DirectMethodHandle$Holder.invokeVirtual(java.lang.Object, java.lang.Object)'> (0x0000000087c751c8) 
thrown [s\src\hotspot\share\interpreter\linkResolver.cpp, line 759]
Event: 1.970 Thread 0x00000293681bdb40 Exception <a 'java/lang/NoSuchMethodError'{0x0000000087ca24c0}: 'void java.lang.invoke.DirectMethodHandle$Holder.invokeStatic(java.lang.Object, java.lang.Object, java.lang.Object)'> (0x0000000087ca24c0) 
thrown [s\src\hotspot\share\interpreter\linkResolver.cpp, line 759]
Event: 1.971 Thread 0x00000293681bdb40 Exception <a 'java/lang/NoSuchMethodError'{0x0000000087ca8a60}: 'java.lang.Object java.lang.invoke.DirectMethodHandle$Holder.invokeVirtual(java.lang.Object, java.lang.Object, java.lang.Object)'> (0x0000000087ca8a60) 
thrown [s\src\hotspot\share\interpreter\linkResolver.cpp, line 759]
Event: 1.997 Thread 0x00000293681bdb40 Exception <a 'java/lang/NoSuchMethodError'{0x0000000087bc2a98}: 'void java.lang.invoke.DirectMethodHandle$Holder.invokeSpecial(java.lang.Object, java.lang.Object, java.lang.Object, java.lang.Object, java.lang.Object)'> (0x0000000087bc2a98) 
thrown [s\src\hotspot\share\interpreter\linkResolver.cpp, line 759]
Event: 1.998 Thread 0x00000293681bdb40 Exception <a 'java/lang/NoSuchMethodError'{0x0000000087bc9978}: 'void java.lang.invoke.DirectMethodHandle$Holder.invokeStatic(java.lang.Object, java.lang.Object, int)'> (0x0000000087bc9978) 
thrown [s\src\hotspot\share\interpreter\linkResolver.cpp, line 759]
Event: 2.034 Thread 0x00000293681bdb40 Exception <a 'java/lang/NoSuchMethodError'{0x0000000088dcfc50}: 'java.lang.Object java.lang.invoke.DirectMethodHandle$Holder.newInvokeSpecial(java.lang.Object, java.lang.Object, java.lang.Object, java.lang.Object, java.lang.Object)'> (0x0000000088dcfc50) 
thrown [s\src\hotspot\share\interpreter\linkResolver.cpp, line 759]
Event: 2.063 Thread 0x00000293681bdb40 Exception <a 'java/lang/NoSuchMethodError'{0x0000000082a1c828}: 'int java.lang.invoke.DirectMethodHandle$Holder.invokeSpecialIFC(java.lang.Object, java.lang.Object, java.lang.Object)'> (0x0000000082a1c828) 
thrown [s\src\hotspot\share\interpreter\linkResolver.cpp, line 759]
Event: 2.084 Thread 0x00000293681bdb40 Exception <a 'java/lang/NoSuchMethodError'{0x0000000082adee20}: 'void java.lang.invoke.DirectMethodHandle$Holder.invokeStatic(java.lang.Object, java.lang.Object, java.lang.Object, java.lang.Object)'> (0x0000000082adee20) 
thrown [s\src\hotspot\share\interpreter\linkResolver.cpp, line 759]
Event: 7.351 Thread 0x00000293681bdb40 Exception <a 'java/lang/NoSuchMethodError'{0x0000000087a57a98}: 'java.lang.Object java.lang.invoke.DirectMethodHandle$Holder.invokeSpecialIFC(java.lang.Object, java.lang.Object, java.lang.Object)'> (0x0000000087a57a98) 
thrown [s\src\hotspot\share\interpreter\linkResolver.cpp, line 759]

VM Operations (20 events):
Event: 1.271 Executing VM operation: HandshakeAllThreads
Event: 1.271 Executing VM operation: HandshakeAllThreads done
Event: 1.359 Executing VM operation: G1CollectForAllocation
Event: 1.364 Executing VM operation: G1CollectForAllocation done
Event: 1.939 Executing VM operation: HandshakeAllThreads
Event: 1.939 Executing VM operation: HandshakeAllThreads done
Event: 1.939 Executing VM operation: HandshakeAllThreads
Event: 1.939 Executing VM operation: HandshakeAllThreads done
Event: 1.941 Executing VM operation: HandshakeAllThreads
Event: 1.941 Executing VM operation: HandshakeAllThreads done
Event: 2.001 Executing VM operation: CollectForMetadataAllocation
Event: 2.007 Executing VM operation: CollectForMetadataAllocation done
Event: 2.017 Executing VM operation: G1Concurrent
Event: 2.019 Executing VM operation: G1Concurrent done
Event: 2.023 Executing VM operation: G1Concurrent
Event: 2.023 Executing VM operation: G1Concurrent done
Event: 3.036 Executing VM operation: Cleanup
Event: 3.036 Executing VM operation: Cleanup done
Event: 7.269 Executing VM operation: G1CollectForAllocation
Event: 7.282 Executing VM operation: G1CollectForAllocation done

Events (20 events):
Event: 7.702 loading class java/util/Comparators$NaturalOrderComparator
Event: 7.702 loading class java/util/Comparators$NaturalOrderComparator done
Event: 7.703 loading class java/util/function/ToIntFunction
Event: 7.703 loading class java/util/function/ToIntFunction done
Event: 7.703 loading class java/util/stream/ReferencePipeline$4
Event: 7.704 loading class java/util/stream/ReferencePipeline$4 done
Event: 7.704 loading class java/util/function/IntBinaryOperator
Event: 7.704 loading class java/util/function/IntBinaryOperator done
Event: 7.705 loading class java/util/stream/ReduceOps$6
Event: 7.705 loading class java/util/stream/ReduceOps$6 done
Event: 7.705 loading class java/util/stream/ReduceOps$5ReducingSink
Event: 7.705 loading class java/util/stream/ReduceOps$5ReducingSink done
Event: 7.705 loading class java/util/stream/ReferencePipeline$4$1
Event: 7.705 loading class java/util/stream/ReferencePipeline$4$1 done
Event: 7.705 loading class java/util/stream/SortedOps$SizedRefSortingSink
Event: 7.706 loading class java/util/stream/SortedOps$AbstractRefSortingSink
Event: 7.706 loading class java/util/stream/SortedOps$AbstractRefSortingSink done
Event: 7.706 loading class java/util/stream/SortedOps$SizedRefSortingSink done
Event: 7.819 loading class java/time/Clock$SystemClock
Event: 7.819 loading class java/time/Clock$SystemClock done


Dynamic libraries:
0x00007ff715e50000 - 0x00007ff715e5e000 	C:\Users\Asad\.p2\pool\plugins\org.eclipse.justj.openjdk.hotspot.jre.full.win32.x86_64_17.0.7.v20230425-1502\jre\bin\javaw.exe
0x00007ff832410000 - 0x00007ff832608000 	C:\Windows\SYSTEM32\ntdll.dll
0x00007ff830660000 - 0x00007ff830721000 	C:\Windows\System32\KERNEL32.DLL
0x00007ff830140000 - 0x00007ff830436000 	C:\Windows\System32\KERNELBASE.dll
0x00007ff82fb30000 - 0x00007ff82fc30000 	C:\Windows\System32\ucrtbase.dll
0x00007ff82a500000 - 0x00007ff82a517000 	C:\Users\Asad\.p2\pool\plugins\org.eclipse.justj.openjdk.hotspot.jre.full.win32.x86_64_17.0.7.v20230425-1502\jre\bin\jli.dll
0x00007ff82b680000 - 0x00007ff82b699000 	C:\Users\Asad\.p2\pool\plugins\org.eclipse.justj.openjdk.hotspot.jre.full.win32.x86_64_17.0.7.v20230425-1502\jre\bin\VCRUNTIME140.dll
0x00007ff830af0000 - 0x00007ff830c8f000 	C:\Windows\System32\USER32.dll
0x00007ff830030000 - 0x00007ff830052000 	C:\Windows\System32\win32u.dll
0x00007ff82eab0000 - 0x00007ff82ed4a000 	C:\Windows\WinSxS\amd64_microsoft.windows.common-controls_6595b64144ccf1df_6.0.19041.4355_none_60b8b9eb71f62e16\COMCTL32.dll
0x00007ff831740000 - 0x00007ff83176b000 	C:\Windows\System32\GDI32.dll
0x00007ff8307e0000 - 0x00007ff83087e000 	C:\Windows\System32\msvcrt.dll
0x00007ff82fcd0000 - 0x00007ff82fde7000 	C:\Windows\System32\gdi32full.dll
0x00007ff82fc30000 - 0x00007ff82fccd000 	C:\Windows\System32\msvcp_win.dll
0x00007ff830440000 - 0x00007ff83046f000 	C:\Windows\System32\IMM32.DLL
0x00007ff82cfb0000 - 0x00007ff82cfbc000 	C:\Users\Asad\.p2\pool\plugins\org.eclipse.justj.openjdk.hotspot.jre.full.win32.x86_64_17.0.7.v20230425-1502\jre\bin\vcruntime140_1.dll
0x00007ff819d60000 - 0x00007ff819df1000 	C:\Users\Asad\.p2\pool\plugins\org.eclipse.justj.openjdk.hotspot.jre.full.win32.x86_64_17.0.7.v20230425-1502\jre\bin\msvcp140.dll
0x00007fffece40000 - 0x00007fffeda88000 	C:\Users\Asad\.p2\pool\plugins\org.eclipse.justj.openjdk.hotspot.jre.full.win32.x86_64_17.0.7.v20230425-1502\jre\bin\server\jvm.dll
0x00007ff831630000 - 0x00007ff8316e0000 	C:\Windows\System32\ADVAPI32.dll
0x00007ff830740000 - 0x00007ff8307e0000 	C:\Windows\System32\sechost.dll
0x00007ff831b40000 - 0x00007ff831c63000 	C:\Windows\System32\RPCRT4.dll
0x00007ff830060000 - 0x00007ff830087000 	C:\Windows\System32\bcrypt.dll
0x00007ff81e310000 - 0x00007ff81e337000 	C:\Windows\SYSTEM32\WINMM.dll
0x00007ff82d0e0000 - 0x00007ff82d0e9000 	C:\Windows\SYSTEM32\WSOCK32.dll
0x00007ff81ea90000 - 0x00007ff81ea9a000 	C:\Windows\SYSTEM32\VERSION.dll
0x00007ff830dc0000 - 0x00007ff830e2b000 	C:\Windows\System32\WS2_32.dll
0x00007ff82cc40000 - 0x00007ff82cc52000 	C:\Windows\SYSTEM32\kernel.appcore.dll
0x00007ff8291f0000 - 0x00007ff8291fa000 	C:\Users\Asad\.p2\pool\plugins\org.eclipse.justj.openjdk.hotspot.jre.full.win32.x86_64_17.0.7.v20230425-1502\jre\bin\jimage.dll
0x00007ff82f510000 - 0x00007ff82f6f4000 	C:\Windows\SYSTEM32\DBGHELP.DLL
0x00007ff82f250000 - 0x00007ff82f284000 	C:\Windows\SYSTEM32\dbgcore.DLL
0x00007ff82ffa0000 - 0x00007ff830022000 	C:\Windows\System32\bcryptPrimitives.dll
0x00007ff81ab20000 - 0x00007ff81ab45000 	C:\Users\Asad\.p2\pool\plugins\org.eclipse.justj.openjdk.hotspot.jre.full.win32.x86_64_17.0.7.v20230425-1502\jre\bin\java.dll
0x00007ff829170000 - 0x00007ff829188000 	C:\Users\Asad\.p2\pool\plugins\org.eclipse.justj.openjdk.hotspot.jre.full.win32.x86_64_17.0.7.v20230425-1502\jre\bin\zip.dll
0x00007ff830e30000 - 0x00007ff83159c000 	C:\Windows\System32\SHELL32.dll
0x00007ff82d4d0000 - 0x00007ff82dc6e000 	C:\Windows\SYSTEM32\windows.storage.dll
0x00007ff831780000 - 0x00007ff831ad3000 	C:\Windows\System32\combase.dll
0x00007ff82f0a0000 - 0x00007ff82f0ce000 	C:\Windows\SYSTEM32\Wldp.dll
0x00007ff8309b0000 - 0x00007ff830a7d000 	C:\Windows\System32\OLEAUT32.dll
0x00007ff830880000 - 0x00007ff83092d000 	C:\Windows\System32\SHCORE.dll
0x00007ff831ae0000 - 0x00007ff831b35000 	C:\Windows\System32\shlwapi.dll
0x00007ff82f9f0000 - 0x00007ff82fa14000 	C:\Windows\SYSTEM32\profapi.dll
0x00007ff8250f0000 - 0x00007ff825109000 	C:\Users\Asad\.p2\pool\plugins\org.eclipse.justj.openjdk.hotspot.jre.full.win32.x86_64_17.0.7.v20230425-1502\jre\bin\net.dll
0x00007ff825590000 - 0x00007ff82569a000 	C:\Windows\SYSTEM32\WINHTTP.dll
0x00007ff82ee00000 - 0x00007ff82ee6a000 	C:\Windows\system32\mswsock.dll
0x00007ff822160000 - 0x00007ff822175000 	C:\Users\Asad\.p2\pool\plugins\org.eclipse.justj.openjdk.hotspot.jre.full.win32.x86_64_17.0.7.v20230425-1502\jre\bin\nio.dll
0x00007ff82e880000 - 0x00007ff82e94a000 	C:\Windows\SYSTEM32\DNSAPI.dll
0x00007ff82e840000 - 0x00007ff82e87b000 	C:\Windows\SYSTEM32\IPHLPAPI.DLL
0x00007ff831770000 - 0x00007ff831778000 	C:\Windows\System32\NSI.dll
0x00007ff8250e0000 - 0x00007ff8250ea000 	C:\Windows\System32\rasadhlp.dll
0x00007ff825120000 - 0x00007ff8251a0000 	C:\Windows\System32\fwpuclnt.dll
0x00007ff828f60000 - 0x00007ff828f69000 	C:\Users\Asad\.p2\pool\plugins\org.eclipse.justj.openjdk.hotspot.jre.full.win32.x86_64_17.0.7.v20230425-1502\jre\bin\management.dll
0x00007ff81ea50000 - 0x00007ff81ea5b000 	C:\Users\Asad\.p2\pool\plugins\org.eclipse.justj.openjdk.hotspot.jre.full.win32.x86_64_17.0.7.v20230425-1502\jre\bin\management_ext.dll
0x00007ff830730000 - 0x00007ff830738000 	C:\Windows\System32\PSAPI.DLL
0x00007ff81c1d0000 - 0x00007ff81c1de000 	C:\Users\Asad\.p2\pool\plugins\org.eclipse.justj.openjdk.hotspot.jre.full.win32.x86_64_17.0.7.v20230425-1502\jre\bin\sunmscapi.dll
0x00007ff82fdf0000 - 0x00007ff82ff4e000 	C:\Windows\System32\CRYPT32.dll
0x00007ff82f110000 - 0x00007ff82f139000 	C:\Windows\SYSTEM32\ncrypt.dll
0x00007ff82f0d0000 - 0x00007ff82f10b000 	C:\Windows\SYSTEM32\NTASN1.dll
0x00007ff82f820000 - 0x00007ff82f838000 	C:\Windows\SYSTEM32\CRYPTSP.dll
0x00007ff82e4c0000 - 0x00007ff82e4f4000 	C:\Windows\system32\rsaenh.dll
0x00007ff82f960000 - 0x00007ff82f98e000 	C:\Windows\SYSTEM32\USERENV.dll
0x00007ff82f010000 - 0x00007ff82f01c000 	C:\Windows\SYSTEM32\CRYPTBASE.dll
0x00007ff825820000 - 0x00007ff825837000 	C:\Windows\SYSTEM32\dhcpcsvc6.DLL
0x00007ff825a10000 - 0x00007ff825a2d000 	C:\Windows\SYSTEM32\dhcpcsvc.DLL
0x00007ff81c150000 - 0x00007ff81c157000 	C:\Windows\system32\wshunix.dll
0x00007ff81b3a0000 - 0x00007ff81b3b0000 	C:\Users\Asad\.p2\pool\plugins\org.eclipse.justj.openjdk.hotspot.jre.full.win32.x86_64_17.0.7.v20230425-1502\jre\bin\verify.dll

dbghelp: loaded successfully - version: 4.0.5 - missing functions: none
symbol engine: initialized successfully - sym options: 0x614 - pdb path: .;C:\Users\Asad\.p2\pool\plugins\org.eclipse.justj.openjdk.hotspot.jre.full.win32.x86_64_17.0.7.v20230425-1502\jre\bin;C:\Windows\SYSTEM32;C:\Windows\WinSxS\amd64_microsoft.windows.common-controls_6595b64144ccf1df_6.0.19041.4355_none_60b8b9eb71f62e16;C:\Users\Asad\.p2\pool\plugins\org.eclipse.justj.openjdk.hotspot.jre.full.win32.x86_64_17.0.7.v20230425-1502\jre\bin\server

VM Arguments:
jvm_args: -Dfile.encoding=UTF-8 -XX:+ShowCodeDetailsInExceptionMessages 
java_command: test.Campaign
java_class_path (initial): D:\Workspace\RecruitBPM\target\test-classes;D:\Workspace\RecruitBPM\target\classes;C:\Users\Asad\.m2\repository\org\seleniumhq\selenium\selenium-java\4.10.0\selenium-java-4.10.0.jar;C:\Users\Asad\.m2\repository\org\seleniumhq\selenium\selenium-api\4.10.0\selenium-api-4.10.0.jar;C:\Users\Asad\.m2\repository\org\seleniumhq\selenium\selenium-chrome-driver\4.10.0\selenium-chrome-driver-4.10.0.jar;C:\Users\Asad\.m2\repository\com\google\auto\service\auto-service-annotations\1.0.1\auto-service-annotations-1.0.1.jar;C:\Users\Asad\.m2\repository\com\google\auto\service\auto-service\1.0.1\auto-service-1.0.1.jar;C:\Users\Asad\.m2\repository\com\google\auto\auto-common\1.2\auto-common-1.2.jar;C:\Users\Asad\.m2\repository\com\google\guava\guava\31.1-jre\guava-31.1-jre.jar;C:\Users\Asad\.m2\repository\com\google\guava\failureaccess\1.0.1\failureaccess-1.0.1.jar;C:\Users\Asad\.m2\repository\com\google\guava\listenablefuture\9999.0-empty-to-avoid-conflict-with-guava\listenablefuture-9999.0-empty-to-avoid-conflict-with-guava.jar;C:\Users\Asad\.m2\repository\com\google\code\findbugs\jsr305\3.0.2\jsr305-3.0.2.jar;C:\Users\Asad\.m2\repository\org\checkerframework\checker-qual\3.12.0\checker-qual-3.12.0.jar;C:\Users\Asad\.m2\repository\com\google\errorprone\error_prone_annotations\2.11.0\error_prone_annotations-2.11.0.jar;C:\Users\Asad\.m2\repository\com\google\j2objc\j2objc-annotations\1.3\j2objc-annotations-1.3.jar;C:\Users\Asad\.m2\repository\org\seleniumhq\selenium\selenium-chromium-driver\4.10.0\selenium-chromium-driver-4.10.0.jar;C:\Users\Asad\.m2\repository\org\seleniumhq\selenium\selenium-json\4.10.0\selenium-json-4.10.0.jar;C:\Users\Asad\.m2\repository\org\seleniumhq\selenium\selenium-manager\4.10.0\selenium-manager-4.10.0.jar;C:\Users\Asad\.m2\repository\org\seleniumhq\selenium\selenium-devtools-v112\4.10.0\selenium-devtools-v112-4.10.0.jar;C:\Users\Asad\.m2\repository\org\seleniumhq\selenium\selenium-devtools-v113\4.10.0\selenium-devtools-v113-4.
Launcher Type: SUN_STANDARD

[Global flags]
     intx CICompilerCount                          = 3                                         {product} {ergonomic}
     uint ConcGCThreads                            = 1                                         {product} {ergonomic}
     uint G1ConcRefinementThreads                  = 4                                         {product} {ergonomic}
   size_t G1HeapRegionSize                         = 1048576                                   {product} {ergonomic}
    uintx GCDrainStackTargetSize                   = 64                                        {product} {ergonomic}
   size_t InitialHeapSize                          = 134217728                                 {product} {ergonomic}
   size_t MarkStackSize                            = 4194304                                   {product} {ergonomic}
   size_t MaxHeapSize                              = 2132803584                                {product} {ergonomic}
   size_t MaxNewSize                               = 1279262720                                {product} {ergonomic}
   size_t MinHeapDeltaBytes                        = 1048576                                   {product} {ergonomic}
   size_t MinHeapSize                              = 8388608                                   {product} {ergonomic}
    uintx NonNMethodCodeHeapSize                   = 5832780                                {pd product} {ergonomic}
    uintx NonProfiledCodeHeapSize                  = 122912730                              {pd product} {ergonomic}
    uintx ProfiledCodeHeapSize                     = 122912730                              {pd product} {ergonomic}
    uintx ReservedCodeCacheSize                    = 251658240                              {pd product} {ergonomic}
     bool SegmentedCodeCache                       = true                                      {product} {ergonomic}
     bool ShowCodeDetailsInExceptionMessages       = true                                   {manageable} {command line}
   size_t SoftMaxHeapSize                          = 2132803584                             {manageable} {ergonomic}
     bool UseCompressedClassPointers               = true                           {product lp64_product} {ergonomic}
     bool UseCompressedOops                        = true                           {product lp64_product} {ergonomic}
     bool UseG1GC                                  = true                                      {product} {ergonomic}
     bool UseLargePagesIndividualAllocation        = false                                  {pd product} {ergonomic}

Logging:
Log output configuration:
 #0: stdout all=warning uptime,level,tags
 #1: stderr all=off uptime,level,tags

Environment Variables:
JAVA_HOME=D:\Java\Java Installation
PATH=D:\Python\Python Installation\Scripts\;D:\Python\Python Installation\;C:\Program Files\Common Files\Oracle\Java\javapath;C:\Windows\system32;C:\Windows;C:\Windows\System32\Wbem;C:\Windows\System32\WindowsPowerShell\v1.0\;C:\Windows\System32\OpenSSH\;D:\Java\Java Installation\bin;D:\Git\Git\cmd;C:\Program Files\nodejs\;D:\CMD SDK\android-sdk\platform-tools;C:\Users\Asad\AppData\Local\Microsoft\WindowsApps;D:\VS Code\VS Code Installation\Microsoft VS Code\bin;C:\Users\Asad\AppData\Roaming\Microsoft\Windows\Start Menu\Programs\Python 3.11;C:\Users\Asad\AppData\Roaming\Microsoft\Windows\Start Menu\Programs\Python 3.11\Scripts\;;D:\PyCharm\PyCharm Installation\PyCharm Community Edition 2023.2.1\bin;;C:\Users\Asad\AppData\Roaming\npm;C:\Program Files\JetBrains\IntelliJ IDEA Community Edition 2024.1.2\bin;
USERNAME=Asad
OS=Windows_NT
PROCESSOR_IDENTIFIER=Intel64 Family 6 Model 60 Stepping 3, GenuineIntel
TMP=C:\Users\Asad\AppData\Local\Temp
TEMP=C:\Users\Asad\AppData\Local\Temp



---------------  S Y S T E M  ---------------

OS:
 Windows 10 , 64 bit Build 19041 (10.0.19041.4597)
OS uptime: 7 days 6:25 hours

CPU: total 4 (initial active 4) (2 cores per cpu, 2 threads per core) family 6 model 60 stepping 3 microcode 0x27, cx8, cmov, fxsr, ht, mmx, sse, sse2, sse3, ssse3, sse4.1, sse4.2, popcnt, lzcnt, tsc, tscinvbit, avx, avx2, aes, erms, clmul, bmi1, bmi2, fma, vzeroupper, clflush

Memory: 4k page, system-wide physical 8128M (1058M free)
TotalPageFile size 21558M (AvailPageFile size 134M)
current process WorkingSet (physical memory assigned to process): 127M, peak: 127M
current process commit charge ("private bytes"): 159M, peak: 228M

vm_info: OpenJDK 64-Bit Server VM (17.0.7+7) for windows-amd64 JRE (17.0.7+7), built on Apr 18 2023 22:10:42 by "temurin" with MS VC++ 16.7 (VS2019)

END.
